This file contains any messages produced by compilers while
running configure, to aid debugging if configure makes a mistake.

It was created by libbswabe configure 0.9, which was
generated by GNU Autoconf 2.67.  Invocation command line was

  $ ./configure 

## --------- ##
## Platform. ##
## --------- ##

hostname = pks-arch
uname -m = x86_64
uname -r = 6.6.2-arch1-1
uname -s = Linux
uname -v = #1 SMP PREEMPT_DYNAMIC Mon, 20 Nov 2023 23:18:21 +0000

/usr/bin/uname -p = unknown
/bin/uname -X     = unknown

/bin/arch              = unknown
/usr/bin/arch -k       = unknown
/usr/convex/getsysinfo = unknown
/usr/bin/hostinfo      = unknown
/bin/machine           = unknown
/usr/bin/oslevel       = unknown
/bin/universe          = unknown

PATH: /home/pks/.pyenv/shims
PATH: /home/pks/.pyenv/bin
PATH: /home/pks/.bun/bin
PATH: /usr/local/bin
PATH: /usr/bin
PATH: /bin
PATH: /usr/local/sbin
PATH: /usr/lib/jvm/default/bin
PATH: /usr/bin/site_perl
PATH: /usr/bin/vendor_perl
PATH: /usr/bin/core_perl
PATH: .local/bin


## ----------- ##
## Core tests. ##
## ----------- ##

configure:2153: checking whether to enable debugging
configure:2173: result: no
configure:2224: checking for gcc
configure:2240: found /usr/bin/gcc
configure:2251: result: gcc
configure:2480: checking for C compiler version
configure:2489: gcc --version >&5
gcc (GCC) 13.2.1 20230801
Copyright (C) 2023 Free Software Foundation, Inc.
This is free software; see the source for copying conditions.  There is NO
warranty; not even for MERCHANTABILITY or FITNESS FOR A PARTICULAR PURPOSE.

configure:2500: $? = 0
configure:2489: gcc -v >&5
Using built-in specs.
COLLECT_GCC=gcc
COLLECT_LTO_WRAPPER=/usr/lib/gcc/x86_64-pc-linux-gnu/13.2.1/lto-wrapper
Target: x86_64-pc-linux-gnu
Configured with: /build/gcc/src/gcc/configure --enable-languages=ada,c,c++,d,fortran,go,lto,objc,obj-c++ --enable-bootstrap --prefix=/usr --libdir=/usr/lib --libexecdir=/usr/lib --mandir=/usr/share/man --infodir=/usr/share/info --with-bugurl=https://bugs.archlinux.org/ --with-build-config=bootstrap-lto --with-linker-hash-style=gnu --with-system-zlib --enable-__cxa_atexit --enable-cet=auto --enable-checking=release --enable-clocale=gnu --enable-default-pie --enable-default-ssp --enable-gnu-indirect-function --enable-gnu-unique-object --enable-libstdcxx-backtrace --enable-link-serialization=1 --enable-linker-build-id --enable-lto --enable-multilib --enable-plugin --enable-shared --enable-threads=posix --disable-libssp --disable-libstdcxx-pch --disable-werror
Thread model: posix
Supported LTO compression algorithms: zlib zstd
gcc version 13.2.1 20230801 (GCC) 
configure:2500: $? = 0
configure:2489: gcc -V >&5
gcc: error: unrecognized command-line option '-V'
gcc: fatal error: no input files
compilation terminated.
configure:2500: $? = 1
configure:2489: gcc -qversion >&5
gcc: error: unrecognized command-line option '-qversion'; did you mean '--version'?
gcc: fatal error: no input files
compilation terminated.
configure:2500: $? = 1
configure:2520: checking whether the C compiler works
configure:2542: gcc -O3 -Wall  -O3 -Wall conftest.c  >&5
configure:2546: $? = 0
configure:2594: result: yes
configure:2597: checking for C compiler default output file name
configure:2599: result: a.out
configure:2605: checking for suffix of executables
configure:2612: gcc -o conftest -O3 -Wall  -O3 -Wall conftest.c  >&5
configure:2616: $? = 0
configure:2638: result: 
configure:2660: checking whether we are cross compiling
configure:2668: gcc -o conftest -O3 -Wall  -O3 -Wall conftest.c  >&5
configure:2672: $? = 0
configure:2679: ./conftest
configure:2683: $? = 0
configure:2698: result: no
configure:2703: checking for suffix of object files
configure:2725: gcc -c -O3 -Wall  conftest.c >&5
configure:2729: $? = 0
configure:2750: result: o
configure:2754: checking whether we are using the GNU C compiler
configure:2773: gcc -c -O3 -Wall  conftest.c >&5
configure:2773: $? = 0
configure:2782: result: yes
configure:2791: checking whether gcc accepts -g
configure:2811: gcc -c -g  conftest.c >&5
configure:2811: $? = 0
configure:2852: result: yes
configure:2869: checking for gcc option to accept ISO C89
configure:2933: gcc  -c -O3 -Wall  conftest.c >&5
configure:2933: $? = 0
configure:2946: result: none needed
configure:2973: checking for an ANSI C-conforming const
configure:3038: gcc -c -O3 -Wall  conftest.c >&5
conftest.c: In function 'main':
conftest.c:38:7: warning: 't' is used uninitialized [-Wuninitialized]
   38 |     *t++ = 0;
      |      ~^~
conftest.c:35:11: note: 't' was declared here
   35 |     char *t;
      |           ^
conftest.c:54:23: warning: 'b' is used uninitialized [-Wuninitialized]
   54 |     struct s *b; b->j = 5;
      |                  ~~~~~^~~
conftest.c:54:15: note: 'b' was declared here
   54 |     struct s *b; b->j = 5;
      |               ^
conftest.c:60:13: warning: 'cs' is used uninitialized [-Wuninitialized]
   60 |   return !cs[0] && !zero.x;
      |           ~~^~~
conftest.c:17:17: note: 'cs' declared here
   17 |   const charset cs;
      |                 ^~
configure:3038: $? = 0
configure:3045: result: yes
configure:3058: checking how to run the C preprocessor
configure:3089: gcc -E  conftest.c
configure:3089: $? = 0
configure:3103: gcc -E  conftest.c
conftest.c:9:10: fatal error: ac_nonexistent.h: No such file or directory
    9 | #include <ac_nonexistent.h>
      |          ^~~~~~~~~~~~~~~~~~
compilation terminated.
configure:3103: $? = 1
configure: failed program was:
| /* confdefs.h */
| #define PACKAGE_NAME "libbswabe"
| #define PACKAGE_TARNAME "libbswabe"
| #define PACKAGE_VERSION "0.9"
| #define PACKAGE_STRING "libbswabe 0.9"
| #define PACKAGE_BUGREPORT "bethenco@cs.berkeley.edu"
| #define PACKAGE_URL ""
| /* end confdefs.h.  */
| #include <ac_nonexistent.h>
configure:3128: result: gcc -E
configure:3148: gcc -E  conftest.c
configure:3148: $? = 0
configure:3162: gcc -E  conftest.c
conftest.c:9:10: fatal error: ac_nonexistent.h: No such file or directory
    9 | #include <ac_nonexistent.h>
      |          ^~~~~~~~~~~~~~~~~~
compilation terminated.
configure:3162: $? = 1
configure: failed program was:
| /* confdefs.h */
| #define PACKAGE_NAME "libbswabe"
| #define PACKAGE_TARNAME "libbswabe"
| #define PACKAGE_VERSION "0.9"
| #define PACKAGE_STRING "libbswabe 0.9"
| #define PACKAGE_BUGREPORT "bethenco@cs.berkeley.edu"
| #define PACKAGE_URL ""
| /* end confdefs.h.  */
| #include <ac_nonexistent.h>
configure:3191: checking for grep that handles long lines and -e
configure:3249: result: /usr/bin/grep
configure:3254: checking for egrep
configure:3316: result: /usr/bin/grep -E
configure:3321: checking for ANSI C header files
configure:3341: gcc -c -O3 -Wall  conftest.c >&5
configure:3341: $? = 0
configure:3414: gcc -o conftest -O3 -Wall  -O3 -Wall conftest.c  >&5
configure:3414: $? = 0
configure:3414: ./conftest
configure:3414: $? = 0
configure:3425: result: yes
configure:3438: checking for sys/types.h
configure:3438: gcc -c -O3 -Wall  conftest.c >&5
configure:3438: $? = 0
configure:3438: result: yes
configure:3438: checking for sys/stat.h
configure:3438: gcc -c -O3 -Wall  conftest.c >&5
configure:3438: $? = 0
configure:3438: result: yes
configure:3438: checking for stdlib.h
configure:3438: gcc -c -O3 -Wall  conftest.c >&5
configure:3438: $? = 0
configure:3438: result: yes
configure:3438: checking for string.h
configure:3438: gcc -c -O3 -Wall  conftest.c >&5
configure:3438: $? = 0
configure:3438: result: yes
configure:3438: checking for memory.h
configure:3438: gcc -c -O3 -Wall  conftest.c >&5
configure:3438: $? = 0
configure:3438: result: yes
configure:3438: checking for strings.h
configure:3438: gcc -c -O3 -Wall  conftest.c >&5
configure:3438: $? = 0
configure:3438: result: yes
configure:3438: checking for inttypes.h
configure:3438: gcc -c -O3 -Wall  conftest.c >&5
configure:3438: $? = 0
configure:3438: result: yes
configure:3438: checking for stdint.h
configure:3438: gcc -c -O3 -Wall  conftest.c >&5
configure:3438: $? = 0
configure:3438: result: yes
configure:3438: checking for unistd.h
configure:3438: gcc -c -O3 -Wall  conftest.c >&5
configure:3438: $? = 0
configure:3438: result: yes
configure:3450: checking for uint32_t
configure:3450: gcc -c -O3 -Wall  conftest.c >&5
conftest.c: In function 'main':
conftest.c:55:12: warning: variable 'test_array' set but not used [-Wunused-but-set-variable]
   55 | static int test_array [1 - 2 * !(((uint32_t) -1 >> (32 / 2 - 1)) >> (32 / 2 - 1) == 3)];
      |            ^~~~~~~~~~
configure:3450: $? = 0
configure:3450: result: yes
configure:3465: checking for ANSI C header files
configure:3569: result: yes
configure:3580: checking for stdint.h
configure:3580: result: yes
configure:3580: checking for stdlib.h
configure:3580: result: yes
configure:3580: checking for string.h
configure:3580: result: yes
configure:3595: checking for stdlib.h
configure:3595: result: yes
configure:3605: checking for GNU libc compatible malloc
configure:3629: gcc -o conftest -O3 -Wall  -O3 -Wall conftest.c  >&5
configure:3629: $? = 0
configure:3629: ./conftest
configure:3629: $? = 0
configure:3639: result: yes
configure:3662: checking for working alloca.h
configure:3679: gcc -o conftest -O3 -Wall  -O3 -Wall conftest.c  >&5
configure:3679: $? = 0
configure:3687: result: yes
configure:3695: checking for alloca
configure:3732: gcc -o conftest -O3 -Wall  -O3 -Wall conftest.c  >&5
configure:3732: $? = 0
configure:3740: result: yes
configure:3851: checking for vprintf
configure:3851: gcc -o conftest -O3 -Wall  -O3 -Wall conftest.c  >&5
conftest.c:50:6: warning: conflicting types for built-in function 'vprintf'; expected 'int(const char *, __va_list_tag *)' [-Wbuiltin-declaration-mismatch]
   50 | char vprintf ();
      |      ^~~~~~~
conftest.c:38:1: note: 'vprintf' is declared in header '<stdio.h>'
   37 | # include <limits.h>
   38 | #else
configure:3851: $? = 0
configure:3851: result: yes
configure:3857: checking for _doprnt
configure:3857: gcc -o conftest -O3 -Wall  -O3 -Wall conftest.c  >&5
/usr/bin/ld: /tmp/ccB3j5hn.o: in function `main':
conftest.c:(.text.startup+0x7): undefined reference to `_doprnt'
collect2: error: ld returned 1 exit status
configure:3857: $? = 1
configure: failed program was:
| /* confdefs.h */
| #define PACKAGE_NAME "libbswabe"
| #define PACKAGE_TARNAME "libbswabe"
| #define PACKAGE_VERSION "0.9"
| #define PACKAGE_STRING "libbswabe 0.9"
| #define PACKAGE_BUGREPORT "bethenco@cs.berkeley.edu"
| #define PACKAGE_URL ""
| #define STDC_HEADERS 1
| #define HAVE_SYS_TYPES_H 1
| #define HAVE_SYS_STAT_H 1
| #define HAVE_STDLIB_H 1
| #define HAVE_STRING_H 1
| #define HAVE_MEMORY_H 1
| #define HAVE_STRINGS_H 1
| #define HAVE_INTTYPES_H 1
| #define HAVE_STDINT_H 1
| #define HAVE_UNISTD_H 1
| #define STDC_HEADERS 1
| #define HAVE_STDINT_H 1
| #define HAVE_STDLIB_H 1
| #define HAVE_STRING_H 1
| #define HAVE_STDLIB_H 1
| #define HAVE_MALLOC 1
| #define HAVE_ALLOCA_H 1
| #define HAVE_ALLOCA 1
| #define HAVE_VPRINTF 1
| /* end confdefs.h.  */
| /* Define _doprnt to an innocuous variant, in case <limits.h> declares _doprnt.
|    For example, HP-UX 11i <limits.h> declares gettimeofday.  */
| #define _doprnt innocuous__doprnt
| 
| /* System header to define __stub macros and hopefully few prototypes,
|     which can conflict with char _doprnt (); below.
|     Prefer <limits.h> to <assert.h> if __STDC__ is defined, since
|     <limits.h> exists even on freestanding compilers.  */
| 
| #ifdef __STDC__
| # include <limits.h>
| #else
| # include <assert.h>
| #endif
| 
| #undef _doprnt
| 
| /* Override any GCC internal prototype to avoid an error.
|    Use char because int might match the return type of a GCC
|    builtin and then its argument prototype would still apply.  */
| #ifdef __cplusplus
| extern "C"
| #endif
| char _doprnt ();
| /* The GNU C library defines this for functions which it implements
|     to always fail with ENOSYS.  Some functions are actually named
|     something starting with __ and the normal name is an alias.  */
| #if defined __stub__doprnt || defined __stub____doprnt
| choke me
| #endif
| 
| int
| main ()
| {
| return _doprnt ();
|   ;
|   return 0;
| }
configure:3857: result: no
configure:3868: checking for SHA1 in -lcrypto
configure:3893: gcc -o conftest -O3 -Wall  -O3 -Wall conftest.c -lcrypto   >&5
configure:3893: $? = 0
configure:3902: result: yes
configure:3917: checking for strdup
configure:3917: gcc -o conftest -O3 -Wall  -O3 -Wall conftest.c -lcrypto  >&5
conftest.c:52:6: warning: conflicting types for built-in function 'strdup'; expected 'char *(const char *)' [-Wbuiltin-declaration-mismatch]
   52 | char strdup ();
      |      ^~~~~~
configure:3917: $? = 0
configure:3917: result: yes
configure:3958: checking for pkg-config
configure:3976: found /usr/bin/pkg-config
configure:3989: result: /usr/bin/pkg-config
configure:4013: checking for GLIB - version >= 2.0.0
configure:4127: gcc -o conftest -O3 -Wall -I/usr/include/glib-2.0 -I/usr/lib/glib-2.0/include -I/usr/include/sysprof-6 -pthread   -O3 -Wall conftest.c -lglib-2.0  -lcrypto  >&5
configure:4127: $? = 0
configure:4127: ./conftest
configure:4127: $? = 0
configure:4141: result: yes (version 2.78.1)
configure:4209: checking for GMP version >= 4.0.0 or later
configure:4256: gcc -o conftest -O3 -Wall   -O3 -Wall conftest.c -lcrypto  -lgmp >&5
configure:4256: $? = 0
configure:4271: gcc -o conftest -O3 -Wall   -O3 -Wall conftest.c -lcrypto  -lgmp >&5
configure:4271: $? = 0
configure:4271: ./conftest
configure:4271: $? = 0
configure:4273: result: found
configure:4332: checking for the PBC library
configure:4379: gcc -o conftest -O3 -Wall  -I/usr/include/pbc -I/usr/local/include/pbc  -O3 -Wall conftest.c -lcrypto  -lgmp -lpbc >&5
configure:4379: $? = 0
configure:4381: result: found
configure:4552: creating ./config.status

## ---------------------- ##
## Running config.status. ##
## ---------------------- ##

This file was extended by libbswabe config.status 0.9, which was
generated by GNU Autoconf 2.67.  Invocation command line was

  CONFIG_FILES    = 
  CONFIG_HEADERS  = 
  CONFIG_LINKS    = 
  CONFIG_COMMANDS = 
  $ ./config.status 

on pks-arch

config.status:745: creating Makefile

## ---------------- ##
## Cache variables. ##
## ---------------- ##

ac_cv_c_compiler_gnu=yes
ac_cv_c_const=yes
ac_cv_c_uint32_t=yes
ac_cv_env_CC_set=
ac_cv_env_CC_value=
ac_cv_env_CFLAGS_set=
ac_cv_env_CFLAGS_value=
ac_cv_env_CPPFLAGS_set=
ac_cv_env_CPPFLAGS_value=
ac_cv_env_CPP_set=
ac_cv_env_CPP_value=
ac_cv_env_LDFLAGS_set=
ac_cv_env_LDFLAGS_value=
ac_cv_env_LIBS_set=
ac_cv_env_LIBS_value=
ac_cv_env_build_alias_set=
ac_cv_env_build_alias_value=
ac_cv_env_host_alias_set=
ac_cv_env_host_alias_value=
ac_cv_env_target_alias_set=
ac_cv_env_target_alias_value=
ac_cv_func__doprnt=no
ac_cv_func_alloca_works=yes
ac_cv_func_malloc_0_nonnull=yes
ac_cv_func_strdup=yes
ac_cv_func_vprintf=yes
ac_cv_header_inttypes_h=yes
ac_cv_header_memory_h=yes
ac_cv_header_stdc=yes
ac_cv_header_stdint_h=yes
ac_cv_header_stdlib_h=yes
ac_cv_header_string_h=yes
ac_cv_header_strings_h=yes
ac_cv_header_sys_stat_h=yes
ac_cv_header_sys_types_h=yes
ac_cv_header_unistd_h=yes
ac_cv_lib_crypto_SHA1=yes
ac_cv_objext=o
ac_cv_path_EGREP='/usr/bin/grep -E'
ac_cv_path_GREP=/usr/bin/grep
ac_cv_path_PKG_CONFIG=/usr/bin/pkg-config
ac_cv_prog_CPP='gcc -E'
ac_cv_prog_ac_ct_CC=gcc
ac_cv_prog_cc_c89=
ac_cv_prog_cc_g=yes
ac_cv_working_alloca_h=yes

## ----------------- ##
## Output variables. ##
## ----------------- ##

ALLOCA=''
CC='gcc'
CFLAGS='-O3 -Wall'
CPP='gcc -E'
CPPFLAGS=''
DEFS='-DPACKAGE_NAME=\"libbswabe\" -DPACKAGE_TARNAME=\"libbswabe\" -DPACKAGE_VERSION=\"0.9\" -DPACKAGE_STRING=\"libbswabe\ 0.9\" -DPACKAGE_BUGREPORT=\"bethenco@cs.berkeley.edu\" -DPACKAGE_URL=\"\" -DSTDC_HEADERS=1 -DHAVE_SYS_TYPES_H=1 -DHAVE_SYS_STAT_H=1 -DHAVE_STDLIB_H=1 -DHAVE_STRING_H=1 -DHAVE_MEMORY_H=1 -DHAVE_STRINGS_H=1 -DHAVE_INTTYPES_H=1 -DHAVE_STDINT_H=1 -DHAVE_UNISTD_H=1 -DSTDC_HEADERS=1 -DHAVE_STDINT_H=1 -DHAVE_STDLIB_H=1 -DHAVE_STRING_H=1 -DHAVE_STDLIB_H=1 -DHAVE_MALLOC=1 -DHAVE_ALLOCA_H=1 -DHAVE_ALLOCA=1 -DHAVE_VPRINTF=1 -DHAVE_LIBCRYPTO=1 -DHAVE_STRDUP=1 -DHAVE_GMP=1 -DHAVE_PBC=1'
ECHO_C=''
ECHO_N='-n'
ECHO_T=''
EGREP='/usr/bin/grep -E'
EXEEXT=''
GLIB_CFLAGS='-I/usr/include/glib-2.0 -I/usr/lib/glib-2.0/include -I/usr/include/sysprof-6 -pthread '
GLIB_GENMARSHAL='/usr/bin/glib-genmarshal'
GLIB_LIBS='-lglib-2.0 '
GLIB_MKENUMS='/usr/bin/glib-mkenums'
GMP_CFLAGS=''
GMP_LIBS='-lgmp'
GOBJECT_QUERY='/usr/bin/gobject-query'
GREP='/usr/bin/grep'
LDFLAGS='-O3 -Wall'
LIBOBJS=''
LIBS='-lcrypto '
LTLIBOBJS=''
OBJEXT='o'
PACKAGE_BUGREPORT='bethenco@cs.berkeley.edu'
PACKAGE_NAME='libbswabe'
PACKAGE_STRING='libbswabe 0.9'
PACKAGE_TARNAME='libbswabe'
PACKAGE_URL=''
PACKAGE_VERSION='0.9'
PATH_SEPARATOR=':'
PBC_CFLAGS='-I/usr/include/pbc -I/usr/local/include/pbc'
PBC_LIBS='-lpbc'
PKG_CONFIG='/usr/bin/pkg-config'
SHELL='/bin/sh'
ac_ct_CC='gcc'
bindir='${exec_prefix}/bin'
build_alias=''
datadir='${datarootdir}'
datarootdir='${prefix}/share'
docdir='${datarootdir}/doc/${PACKAGE_TARNAME}'
dvidir='${docdir}'
exec_prefix='${prefix}'
host_alias=''
htmldir='${docdir}'
includedir='${prefix}/include'
infodir='${datarootdir}/info'
libdir='${exec_prefix}/lib'
libexecdir='${exec_prefix}/libexec'
localedir='${datarootdir}/locale'
localstatedir='${prefix}/var'
mandir='${datarootdir}/man'
oldincludedir='/usr/include'
pdfdir='${docdir}'
prefix='/usr/local'
program_transform_name='s,x,x,'
psdir='${docdir}'
sbindir='${exec_prefix}/sbin'
sharedstatedir='${prefix}/com'
sysconfdir='${prefix}/etc'
target_alias=''

## ----------- ##
## confdefs.h. ##
## ----------- ##

/* confdefs.h */
#define PACKAGE_NAME "libbswabe"
#define PACKAGE_TARNAME "libbswabe"
#define PACKAGE_VERSION "0.9"
#define PACKAGE_STRING "libbswabe 0.9"
#define PACKAGE_BUGREPORT "bethenco@cs.berkeley.edu"
#define PACKAGE_URL ""
#define STDC_HEADERS 1
#define HAVE_SYS_TYPES_H 1
#define HAVE_SYS_STAT_H 1
#define HAVE_STDLIB_H 1
#define HAVE_STRING_H 1
#define HAVE_MEMORY_H 1
#define HAVE_STRINGS_H 1
#define HAVE_INTTYPES_H 1
#define HAVE_STDINT_H 1
#define HAVE_UNISTD_H 1
#define STDC_HEADERS 1
#define HAVE_STDINT_H 1
#define HAVE_STDLIB_H 1
#define HAVE_STRING_H 1
#define HAVE_STDLIB_H 1
#define HAVE_MALLOC 1
#define HAVE_ALLOCA_H 1
#define HAVE_ALLOCA 1
#define HAVE_VPRINTF 1
#define HAVE_LIBCRYPTO 1
#define HAVE_STRDUP 1
#define HAVE_GMP 1
#define HAVE_PBC 1

configure: exit 0
